<?xml version="1.0" encoding="UTF-8"?>
<!-- Generated by org.testng.reporters.JUnitReportReporter -->
<testsuite skipped="0" hostname="Potatos-Mac" name="TestCases.AuthenticationTest" tests="4" failures="0" timestamp="2020-10-12T21:42:28 WIB" time="36.674" errors="0">
  <testcase name="Authentication_02" time="10.084" classname="TestCases.AuthenticationTest"/>
  <testcase name="Authentication_01" time="9.282" classname="TestCases.AuthenticationTest"/>
  <testcase name="Authentication_03" time="9.028" classname="TestCases.AuthenticationTest"/>
  <testcase name="Authentication_04" time="8.280" classname="TestCases.AuthenticationTest"/>
</testsuite> <!-- TestCases.AuthenticationTest -->
