<?xml version="1.0" encoding="UTF-8"?>
<!-- Generated by org.testng.reporters.JUnitReportReporter -->
<testsuite skipped="0" hostname="Potatos-Mac" name="TestCases.PlanTest" tests="11" failures="0" timestamp="2020-10-12T21:42:28 WIB" time="129.413" errors="0">
  <testcase name="Plan_12" time="12.713" classname="TestCases.PlanTest"/>
  <testcase name="Plan_05" time="4.409" classname="TestCases.PlanTest"/>
  <testcase name="Plan_08" time="3.497" classname="TestCases.PlanTest"/>
  <testcase name="Plan_03" time="5.366" classname="TestCases.PlanTest"/>
  <testcase name="Plan_02" time="16.400" classname="TestCases.PlanTest"/>
  <testcase name="Plan_07" time="13.998" classname="TestCases.PlanTest"/>
  <testcase name="Plan_09" time="9.707" classname="TestCases.PlanTest"/>
  <testcase name="Plan_06" time="3.975" classname="TestCases.PlanTest"/>
  <testcase name="login" time="12.822" classname="TestCases.PlanTest"/>
  <testcase name="Plan_10" time="3.662" classname="TestCases.PlanTest"/>
  <testcase name="Plan_01" time="42.864" classname="TestCases.PlanTest"/>
</testsuite> <!-- TestCases.PlanTest -->
