<?xml version="1.0" encoding="UTF-8"?>
<!-- Generated by org.testng.reporters.JUnitReportReporter -->
<testsuite skipped="0" hostname="Potatos-Mac" name="TestCases.MoreTest" tests="21" failures="0" timestamp="2020-10-12T21:42:28 WIB" time="82.558" errors="0">
  <testcase name="More_19" time="2.628" classname="TestCases.MoreTest"/>
  <testcase name="More_12" time="3.293" classname="TestCases.MoreTest"/>
  <testcase name="More_09" time="3.215" classname="TestCases.MoreTest"/>
  <testcase name="More_10" time="4.756" classname="TestCases.MoreTest"/>
  <testcase name="More_05" time="4.311" classname="TestCases.MoreTest"/>
  <testcase name="More_07" time="2.871" classname="TestCases.MoreTest"/>
  <testcase name="More_11" time="4.239" classname="TestCases.MoreTest"/>
  <testcase name="More_03" time="1.722" classname="TestCases.MoreTest"/>
  <testcase name="More_04" time="4.244" classname="TestCases.MoreTest"/>
  <testcase name="More_14" time="4.234" classname="TestCases.MoreTest"/>
  <testcase name="More_15" time="4.117" classname="TestCases.MoreTest"/>
  <testcase name="More_08" time="2.544" classname="TestCases.MoreTest"/>
  <testcase name="More_16" time="2.969" classname="TestCases.MoreTest"/>
  <testcase name="login" time="13.498" classname="TestCases.MoreTest"/>
  <testcase name="More_18" time="3.567" classname="TestCases.MoreTest"/>
  <testcase name="More_17" time="3.575" classname="TestCases.MoreTest"/>
  <testcase name="More_02" time="3.660" classname="TestCases.MoreTest"/>
  <testcase name="More_13" time="2.637" classname="TestCases.MoreTest"/>
  <testcase name="More_06" time="3.426" classname="TestCases.MoreTest"/>
  <testcase name="More_01" time="4.417" classname="TestCases.MoreTest"/>
  <testcase name="More_20" time="2.635" classname="TestCases.MoreTest"/>
</testsuite> <!-- TestCases.MoreTest -->
